<?xml version="1.0" encoding="UTF-8"?>
<!-- Generated by org.testng.reporters.JUnitReportReporter -->
<testsuite skipped="1" hostname="LAPTOP-8UQSIP5B" name="com.testng.basics.AnnotationSample2" tests="1" failures="0" timestamp="2020-08-29T19:25:55 GST" time="0.000" errors="0">
  <testcase name="m1" time="0.000" classname="com.testng.basics.AnnotationSample2">
    <skipped/>
  </testcase> <!-- m1 -->
  <system-out/>
</testsuite> <!-- com.testng.basics.AnnotationSample2 -->
