<?xml version="1.0" encoding="UTF-8"?>
<!-- Generated by org.testng.reporters.JUnitReportReporter -->
<testsuite skipped="0" hostname="LAPTOP-8UQSIP5B" name="com.testng.basics.AnnotationSample2" tests="1" failures="0" timestamp="2020-08-28T16:48:21 GST" time="0.001" errors="0">
  <testcase name="m1" time="0.001" classname="com.testng.basics.AnnotationSample2"/>
  <system-out/>
</testsuite> <!-- com.testng.basics.AnnotationSample2 -->
