<?xml version="1.0" encoding="UTF-8"?>
<!-- Generated by org.testng.reporters.JUnitReportReporter -->
<testsuite skipped="0" hostname="LAPTOP-8UQSIP5B" name="com.testng.basics.XLSsample" tests="14" failures="0" timestamp="2020-08-29T10:49:44 GST" time="7.946" errors="0">
  <testcase name="b_m1" time="0.514" classname="com.testng.basics.XLSsample"/>
  <system-out/>
  <testcase name="b_m1" time="0.653" classname="com.testng.basics.XLSsample"/>
  <system-out/>
  <testcase name="b_m1" time="0.549" classname="com.testng.basics.XLSsample"/>
  <system-out/>
  <testcase name="b_m1" time="0.537" classname="com.testng.basics.XLSsample"/>
  <system-out/>
  <testcase name="b_m1" time="0.553" classname="com.testng.basics.XLSsample"/>
  <system-out/>
  <testcase name="b_m1" time="0.525" classname="com.testng.basics.XLSsample"/>
  <system-out/>
  <testcase name="b_m1" time="0.558" classname="com.testng.basics.XLSsample"/>
  <system-out/>
  <testcase name="b_m1" time="0.508" classname="com.testng.basics.XLSsample"/>
  <system-out/>
  <testcase name="b_m1" time="0.535" classname="com.testng.basics.XLSsample"/>
  <system-out/>
  <testcase name="b_m1" time="0.752" classname="com.testng.basics.XLSsample"/>
  <system-out/>
  <testcase name="b_m1" time="0.604" classname="com.testng.basics.XLSsample"/>
  <system-out/>
  <testcase name="b_m1" time="0.543" classname="com.testng.basics.XLSsample"/>
  <system-out/>
  <testcase name="b_m1" time="0.557" classname="com.testng.basics.XLSsample"/>
  <system-out/>
  <testcase name="b_m1" time="0.558" classname="com.testng.basics.XLSsample"/>
  <system-out/>
</testsuite> <!-- com.testng.basics.XLSsample -->
